00:00:00.004531 main     VirtualBox COM Server 7.1.6 r167084 win.amd64 (Jan 21 2025 14:13:52) release log
00:00:00.004535 main     Log opened 2025-05-01T20:48:24.765477800Z
00:00:00.004536 main     Build Type: release
00:00:00.004544 main     OS Product: Windows 11
00:00:00.004545 main     OS Release: 10.0.26100
00:00:00.004546 main     OS Service Pack: 
00:00:00.056796 main     DMI Product Name: HP Laptop 15-fc0xxx
00:00:00.078103 main     DMI Product Version:  
00:00:00.078118 main     Firmware type: UEFI
00:00:00.078871 main     Secure Boot: Enabled
00:00:00.078890 main     Host RAM: 15711MB (15.3GB) total, 6896MB (6.7GB) available
00:00:00.078898 main     Executable: C:\Program Files\Oracle\VirtualBox\VBoxSVC.exe
00:00:00.078898 main     Process ID: 35236
00:00:00.078899 main     Package type: WINDOWS_64BITS_GENERIC
00:00:00.078903 main     Windows Features:
00:00:00.078904 main       Core Isolation (Memory Integrity): ENABLED
00:00:00.211024          VirtualBox: object creation starts
00:00:00.211580          Home directory: 'C:\Users\Esteb\.VirtualBox'
00:00:00.211939          Installed Drivers:
00:00:00.260477          Loading settings file "C:\Users\Esteb\.VirtualBox\VirtualBox.xml" with version "1.12-windows"
00:00:00.264276          usbLibGetDevices: Starting USB device enumeration
00:00:00.264470          Getting USB descriptor (id 0) failed (dwErr=31) on hub USB#ROOT_HUB30#5&241fdeb1&0&0#{f18a0e88-c30c-11d0-8815-00a0c906bed8} port 1
00:00:00.264562          Getting USB descriptor (id 0) failed (dwErr=31) on hub USB#ROOT_HUB30#5&241fdeb1&0&0#{f18a0e88-c30c-11d0-8815-00a0c906bed8} port 4
00:00:00.267186          usbLibGetDevices: Found 2 USB devices, 0 captured
00:00:00.267239          USB: Unknown USB device detected (idVendor: 0x05c8, idProduct: 0x0b08)
00:00:00.267283          USB: Unknown USB device detected (idVendor: 0x0bda, idProduct: 0xb85d)
00:00:00.400261          HostDnsMonitor: initializing
00:00:00.414011          HostDnsMonitor: updating information
00:00:00.414037          HostDnsMonitor: old information
00:00:00.414038            no server entries
00:00:00.414038            no domain set
00:00:00.414039            no search string entries
00:00:00.414039          HostDnsMonitor: new information
00:00:00.414039            server 1: 192.168.10.1
00:00:00.414040            domain: arame.local
00:00:00.414041            no search string entries
00:00:00.418631          VD: VDInit finished with VINF_SUCCESS
00:00:00.420794          Platform architecture set to 'x86'
00:00:00.433844          Loading settings file "C:\Users\Esteb\VirtualBox VMs\kali linux\kali linux.vbox" with version "1.19-windows"
00:00:00.434296          Platform architecture set to 'x86'
00:00:00.435190          VirtualBox: object created
00:00:00.726471          Saving settings file "C:\Users\Esteb\.VirtualBox\VirtualBox.xml" with version "1.12-windows"
00:00:00.731729          Finished saving settings file "C:\Users\Esteb\.VirtualBox\VirtualBox.xml"
00:00:00.731974          Saving settings file "C:\Users\Esteb\.VirtualBox\VirtualBox.xml" with version "1.12-windows"
00:00:00.736571          Finished saving settings file "C:\Users\Esteb\.VirtualBox\VirtualBox.xml"
00:00:00.736789          Saving settings file "C:\Users\Esteb\.VirtualBox\VirtualBox.xml" with version "1.12-windows"
00:00:00.742327          Finished saving settings file "C:\Users\Esteb\.VirtualBox\VirtualBox.xml"
00:00:01.968050          ERROR [COM]: aRC=VBOX_E_OBJECT_NOT_FOUND (0x80bb0001) aIID={5bfd8965-b81b-469f-8649-f717ce97a5d5} aComponent={NvramStoreWrap} aText={The UEFI NVRAM file is not existing for this machine}, preserve=false aResultDetail=0
00:00:02.119069          ERROR [COM]: aRC=VBOX_E_INVALID_VM_STATE (0x80bb0002) aIID={e36a5081-a82a-40bd-9e4e-42a44d6ce50f} aComponent={MachineWrap} aText={The machine is not mutable, saved or running (state is PoweredOff)}, preserve=false aResultDetail=0
00:00:09.804191 main     VirtualBox: object deletion starts
00:00:09.804911 main     ERROR [COM]: aRC=VBOX_E_OBJECT_IN_USE (0x80bb000c) aIID={7d510820-a678-4730-a862-818dcd3fbed0} aComponent={MediumWrap} aText={Medium 'C:\Users\Esteb\VirtualBox VMs\kali linux\kali linux.vdi' cannot be closed because it is still attached to 1 virtual machines}, preserve=false aResultDetail=0
00:00:09.809747 main     HostDnsMonitor: shutting down ...
00:00:09.809846 main     HostDnsMonitor: shut down
00:00:09.813595 Watcher  ERROR [COM]: aRC=E_ACCESSDENIED (0x80070005) aIID={d644ad1e-c501-4fc7-9ab6-aa6d763bc540} aComponent={VirtualBoxWrap} aText={The object is not ready}, preserve=false aResultDetail=0
00:00:09.815114 main     VirtualBox: object deleted
